%!Adobe-FontList 1.24
%Locale:0x409

%BeginFont
Handler:DirectoryHandler
FontType:Invalid
OutlineFileName:/Users/jan/Library/CloudStorage/GoogleDrive-vr2fancy4u@gmail.com/Meine Ablage/FHGR/Lehre/IM/IM4/FS25/Physical Computing/im_physical_computing/Grafiken/Makerkit_Beipackzettel_FS25 Ordner/Document fonts/AdobeFnt24.lst
FileLength:1241
FileModTime:765647150
%EndFont

%BeginFont
Handler:DirectoryHandler
FontType:Type1
FontName:MinionPro-Regular
FamilyName:Minion Pro
StyleName:Regular
MenuName:Minion Pro
StyleBits:0
WeightClass:400
WidthClass:5
AngleClass:0
FullName:Minion Pro
WritingScript:Roman
OutlineFileName:/Users/jan/Library/CloudStorage/GoogleDrive-vr2fancy4u@gmail.com/Meine Ablage/FHGR/Lehre/IM/IM4/FS25/Physical Computing/im_physical_computing/Grafiken/Makerkit_Beipackzettel_FS25 Ordner/Document fonts/MinionPro-Regular.otf
DataFormat:sfntData
UsesStandardEncoding:yes
isCFF:yes
hasSVG:no
hasSBIX:no
hasCOLR:no
VariableFontType:NonVariableFont
FileLength:218640
FileModTime:738680143
DesignSize:110
NameArray:0,Mac,4,Minion Pro
NameArray:0,Win,1,Minion Pro
%EndFont

%BeginFont
Handler:DirectoryHandler
FontType:TrueType
FontName:Arial-BoldMT
FamilyName:Arial
StyleName:Bold
MenuName:Arial
StyleBits:2
WeightClass:700
WidthClass:5
AngleClass:0
FullName:Arial Bold
WritingScript:Roman
OutlineFileName:/Users/jan/Library/CloudStorage/GoogleDrive-vr2fancy4u@gmail.com/Meine Ablage/FHGR/Lehre/IM/IM4/FS25/Physical Computing/im_physical_computing/Grafiken/Makerkit_Beipackzettel_FS25 Ordner/Document fonts/arialbd.ttf
DataFormat:sfntData
hasSVG:no
hasSBIX:no
hasCOLR:no
VariableFontType:NonVariableFont
FileLength:990208
FileModTime:673593558
NameArray:0,Mac,4,Arial Bold
NameArray:0,Win,1,Arial
%EndFont

